[2016-10-03 08:22:33] local.ERROR: exception 'PDOException' with message 'SQLSTATE[28000] [1045] Access denied for user 'homestead'@'localhost' (using password: YES)' in /var/www/html/proroutes-saas/vendor/laravel/framework/src/Illuminate/Database/Connectors/Connector.php:119
Stack trace:
#0 /var/www/html/proroutes-saas/vendor/laravel/framework/src/Illuminate/Database/Connectors/Connector.php(119): PDO->__construct('mysql:host=127....', 'homestead', 'secret', Array)
#1 /var/www/html/proroutes-saas/vendor/laravel/framework/src/Illuminate/Database/Connectors/Connector.php(56): Illuminate\Database\Connectors\Connector->createPdoConnection('mysql:host=127....', 'homestead', 'secret', Array)
#2 /var/www/html/proroutes-saas/vendor/laravel/framework/src/Illuminate/Database/Connectors/MySqlConnector.php(24): Illuminate\Database\Connectors\Connector->createConnection('mysql:host=127....', Array, Array)
#3 /var/www/html/proroutes-saas/vendor/laravel/framework/src/Illuminate/Database/Connectors/ConnectionFactory.php(100): Illuminate\Database\Connectors\MySqlConnector->connect(Array)
#4 [internal function]: Illuminate\Database\Connectors\ConnectionFactory->Illuminate\Database\Connectors\{closure}()
#5 /var/www/html/proroutes-saas/vendor/laravel/framework/src/Illuminate/Database/Connection.php(956): call_user_func(Object(Closure))
#6 /var/www/html/proroutes-saas/vendor/laravel/framework/src/Illuminate/Database/Connection.php(824): Illuminate\Database\Connection->getPdo()
#7 /var/www/html/proroutes-saas/vendor/laravel/framework/src/Illuminate/Database/Connection.php(709): Illuminate\Database\Connection->reconnectIfMissingConnection()
#8 /var/www/html/proroutes-saas/vendor/laravel/framework/src/Illuminate/Database/Connection.php(351): Illuminate\Database\Connection->run('select * from i...', Array, Object(Closure))
#9 /var/www/html/proroutes-saas/vendor/laravel/framework/src/Illuminate/Database/Schema/MySqlBuilder.php(21): Illuminate\Database\Connection->select('select * from i...', Array)
#10 /var/www/html/proroutes-saas/vendor/laravel/framework/src/Illuminate/Database/Migrations/DatabaseMigrationRepository.php(154): Illuminate\Database\Schema\MySqlBuilder->hasTable('migrations')
#11 /var/www/html/proroutes-saas/vendor/laravel/framework/src/Illuminate/Database/Migrations/Migrator.php(474): Illuminate\Database\Migrations\DatabaseMigrationRepository->repositoryExists()
#12 /var/www/html/proroutes-saas/vendor/laravel/framework/src/Illuminate/Database/Console/Migrations/MigrateCommand.php(92): Illuminate\Database\Migrations\Migrator->repositoryExists()
#13 /var/www/html/proroutes-saas/vendor/laravel/framework/src/Illuminate/Database/Console/Migrations/MigrateCommand.php(58): Illuminate\Database\Console\Migrations\MigrateCommand->prepareDatabase()
#14 [internal function]: Illuminate\Database\Console\Migrations\MigrateCommand->fire()
#15 /var/www/html/proroutes-saas/vendor/laravel/framework/src/Illuminate/Container/Container.php(508): call_user_func_array(Array, Array)
#16 /var/www/html/proroutes-saas/vendor/laravel/framework/src/Illuminate/Console/Command.php(169): Illuminate\Container\Container->call(Array)
#17 /var/www/html/proroutes-saas/vendor/symfony/console/Command/Command.php(256): Illuminate\Console\Command->execute(Object(Symfony\Component\Console\Input\ArgvInput), Object(Symfony\Component\Console\Output\ConsoleOutput))
#18 /var/www/html/proroutes-saas/vendor/laravel/framework/src/Illuminate/Console/Command.php(155): Symfony\Component\Console\Command\Command->run(Object(Symfony\Component\Console\Input\ArgvInput), Object(Symfony\Component\Console\Output\ConsoleOutput))
#19 /var/www/html/proroutes-saas/vendor/symfony/console/Application.php(818): Illuminate\Console\Command->run(Object(Symfony\Component\Console\Input\ArgvInput), Object(Symfony\Component\Console\Output\ConsoleOutput))
#20 /var/www/html/proroutes-saas/vendor/symfony/console/Application.php(186): Symfony\Component\Console\Application->doRunCommand(Object(Illuminate\Database\Console\Migrations\MigrateCommand), Object(Symfony\Component\Console\Input\ArgvInput), Object(Symfony\Component\Console\Output\ConsoleOutput))
#21 /var/www/html/proroutes-saas/vendor/symfony/console/Application.php(117): Symfony\Component\Console\Application->doRun(Object(Symfony\Component\Console\Input\ArgvInput), Object(Symfony\Component\Console\Output\ConsoleOutput))
#22 /var/www/html/proroutes-saas/vendor/laravel/framework/src/Illuminate/Foundation/Console/Kernel.php(122): Symfony\Component\Console\Application->run(Object(Symfony\Component\Console\Input\ArgvInput), Object(Symfony\Component\Console\Output\ConsoleOutput))
#23 /var/www/html/proroutes-saas/artisan(36): Illuminate\Foundation\Console\Kernel->handle(Object(Symfony\Component\Console\Input\ArgvInput), Object(Symfony\Component\Console\Output\ConsoleOutput))
#24 {main}  
[2016-10-03 08:23:26] local.ERROR: exception 'PDOException' with message 'SQLSTATE[28000] [1045] Access denied for user 'homestead'@'localhost' (using password: YES)' in /var/www/html/proroutes-saas/vendor/laravel/framework/src/Illuminate/Database/Connectors/Connector.php:119
Stack trace:
#0 /var/www/html/proroutes-saas/vendor/laravel/framework/src/Illuminate/Database/Connectors/Connector.php(119): PDO->__construct('mysql:host=127....', 'homestead', 'secret', Array)
#1 /var/www/html/proroutes-saas/vendor/laravel/framework/src/Illuminate/Database/Connectors/Connector.php(56): Illuminate\Database\Connectors\Connector->createPdoConnection('mysql:host=127....', 'homestead', 'secret', Array)
#2 /var/www/html/proroutes-saas/vendor/laravel/framework/src/Illuminate/Database/Connectors/MySqlConnector.php(24): Illuminate\Database\Connectors\Connector->createConnection('mysql:host=127....', Array, Array)
#3 /var/www/html/proroutes-saas/vendor/laravel/framework/src/Illuminate/Database/Connectors/ConnectionFactory.php(100): Illuminate\Database\Connectors\MySqlConnector->connect(Array)
#4 [internal function]: Illuminate\Database\Connectors\ConnectionFactory->Illuminate\Database\Connectors\{closure}()
#5 /var/www/html/proroutes-saas/vendor/laravel/framework/src/Illuminate/Database/Connection.php(956): call_user_func(Object(Closure))
#6 /var/www/html/proroutes-saas/vendor/laravel/framework/src/Illuminate/Database/Connection.php(824): Illuminate\Database\Connection->getPdo()
#7 /var/www/html/proroutes-saas/vendor/laravel/framework/src/Illuminate/Database/Connection.php(709): Illuminate\Database\Connection->reconnectIfMissingConnection()
#8 /var/www/html/proroutes-saas/vendor/laravel/framework/src/Illuminate/Database/Connection.php(351): Illuminate\Database\Connection->run('select * from i...', Array, Object(Closure))
#9 /var/www/html/proroutes-saas/vendor/laravel/framework/src/Illuminate/Database/Schema/MySqlBuilder.php(21): Illuminate\Database\Connection->select('select * from i...', Array)
#10 /var/www/html/proroutes-saas/vendor/laravel/framework/src/Illuminate/Database/Migrations/DatabaseMigrationRepository.php(154): Illuminate\Database\Schema\MySqlBuilder->hasTable('migrations')
#11 /var/www/html/proroutes-saas/vendor/laravel/framework/src/Illuminate/Database/Migrations/Migrator.php(474): Illuminate\Database\Migrations\DatabaseMigrationRepository->repositoryExists()
#12 /var/www/html/proroutes-saas/vendor/laravel/framework/src/Illuminate/Database/Console/Migrations/MigrateCommand.php(92): Illuminate\Database\Migrations\Migrator->repositoryExists()
#13 /var/www/html/proroutes-saas/vendor/laravel/framework/src/Illuminate/Database/Console/Migrations/MigrateCommand.php(58): Illuminate\Database\Console\Migrations\MigrateCommand->prepareDatabase()
#14 [internal function]: Illuminate\Database\Console\Migrations\MigrateCommand->fire()
#15 /var/www/html/proroutes-saas/vendor/laravel/framework/src/Illuminate/Container/Container.php(508): call_user_func_array(Array, Array)
#16 /var/www/html/proroutes-saas/vendor/laravel/framework/src/Illuminate/Console/Command.php(169): Illuminate\Container\Container->call(Array)
#17 /var/www/html/proroutes-saas/vendor/symfony/console/Command/Command.php(256): Illuminate\Console\Command->execute(Object(Symfony\Component\Console\Input\ArgvInput), Object(Symfony\Component\Console\Output\ConsoleOutput))
#18 /var/www/html/proroutes-saas/vendor/laravel/framework/src/Illuminate/Console/Command.php(155): Symfony\Component\Console\Command\Command->run(Object(Symfony\Component\Console\Input\ArgvInput), Object(Symfony\Component\Console\Output\ConsoleOutput))
#19 /var/www/html/proroutes-saas/vendor/symfony/console/Application.php(818): Illuminate\Console\Command->run(Object(Symfony\Component\Console\Input\ArgvInput), Object(Symfony\Component\Console\Output\ConsoleOutput))
#20 /var/www/html/proroutes-saas/vendor/symfony/console/Application.php(186): Symfony\Component\Console\Application->doRunCommand(Object(Illuminate\Database\Console\Migrations\MigrateCommand), Object(Symfony\Component\Console\Input\ArgvInput), Object(Symfony\Component\Console\Output\ConsoleOutput))
#21 /var/www/html/proroutes-saas/vendor/symfony/console/Application.php(117): Symfony\Component\Console\Application->doRun(Object(Symfony\Component\Console\Input\ArgvInput), Object(Symfony\Component\Console\Output\ConsoleOutput))
#22 /var/www/html/proroutes-saas/vendor/laravel/framework/src/Illuminate/Foundation/Console/Kernel.php(122): Symfony\Component\Console\Application->run(Object(Symfony\Component\Console\Input\ArgvInput), Object(Symfony\Component\Console\Output\ConsoleOutput))
#23 /var/www/html/proroutes-saas/artisan(36): Illuminate\Foundation\Console\Kernel->handle(Object(Symfony\Component\Console\Input\ArgvInput), Object(Symfony\Component\Console\Output\ConsoleOutput))
#24 {main}  
[2016-10-03 08:24:06] local.ERROR: exception 'PDOException' with message 'SQLSTATE[28000] [1045] Access denied for user 'root'@'localhost' (using password: YES)' in /var/www/html/proroutes-saas/vendor/laravel/framework/src/Illuminate/Database/Connectors/Connector.php:119
Stack trace:
#0 /var/www/html/proroutes-saas/vendor/laravel/framework/src/Illuminate/Database/Connectors/Connector.php(119): PDO->__construct('mysql:host=127....', 'root', 'secret', Array)
#1 /var/www/html/proroutes-saas/vendor/laravel/framework/src/Illuminate/Database/Connectors/Connector.php(56): Illuminate\Database\Connectors\Connector->createPdoConnection('mysql:host=127....', 'root', 'secret', Array)
#2 /var/www/html/proroutes-saas/vendor/laravel/framework/src/Illuminate/Database/Connectors/MySqlConnector.php(24): Illuminate\Database\Connectors\Connector->createConnection('mysql:host=127....', Array, Array)
#3 /var/www/html/proroutes-saas/vendor/laravel/framework/src/Illuminate/Database/Connectors/ConnectionFactory.php(100): Illuminate\Database\Connectors\MySqlConnector->connect(Array)
#4 [internal function]: Illuminate\Database\Connectors\ConnectionFactory->Illuminate\Database\Connectors\{closure}()
#5 /var/www/html/proroutes-saas/vendor/laravel/framework/src/Illuminate/Database/Connection.php(956): call_user_func(Object(Closure))
#6 /var/www/html/proroutes-saas/vendor/laravel/framework/src/Illuminate/Database/Connection.php(824): Illuminate\Database\Connection->getPdo()
#7 /var/www/html/proroutes-saas/vendor/laravel/framework/src/Illuminate/Database/Connection.php(709): Illuminate\Database\Connection->reconnectIfMissingConnection()
#8 /var/www/html/proroutes-saas/vendor/laravel/framework/src/Illuminate/Database/Connection.php(351): Illuminate\Database\Connection->run('select * from i...', Array, Object(Closure))
#9 /var/www/html/proroutes-saas/vendor/laravel/framework/src/Illuminate/Database/Schema/MySqlBuilder.php(21): Illuminate\Database\Connection->select('select * from i...', Array)
#10 /var/www/html/proroutes-saas/vendor/laravel/framework/src/Illuminate/Database/Migrations/DatabaseMigrationRepository.php(154): Illuminate\Database\Schema\MySqlBuilder->hasTable('migrations')
#11 /var/www/html/proroutes-saas/vendor/laravel/framework/src/Illuminate/Database/Migrations/Migrator.php(474): Illuminate\Database\Migrations\DatabaseMigrationRepository->repositoryExists()
#12 /var/www/html/proroutes-saas/vendor/laravel/framework/src/Illuminate/Database/Console/Migrations/MigrateCommand.php(92): Illuminate\Database\Migrations\Migrator->repositoryExists()
#13 /var/www/html/proroutes-saas/vendor/laravel/framework/src/Illuminate/Database/Console/Migrations/MigrateCommand.php(58): Illuminate\Database\Console\Migrations\MigrateCommand->prepareDatabase()
#14 [internal function]: Illuminate\Database\Console\Migrations\MigrateCommand->fire()
#15 /var/www/html/proroutes-saas/vendor/laravel/framework/src/Illuminate/Container/Container.php(508): call_user_func_array(Array, Array)
#16 /var/www/html/proroutes-saas/vendor/laravel/framework/src/Illuminate/Console/Command.php(169): Illuminate\Container\Container->call(Array)
#17 /var/www/html/proroutes-saas/vendor/symfony/console/Command/Command.php(256): Illuminate\Console\Command->execute(Object(Symfony\Component\Console\Input\ArgvInput), Object(Symfony\Component\Console\Output\ConsoleOutput))
#18 /var/www/html/proroutes-saas/vendor/laravel/framework/src/Illuminate/Console/Command.php(155): Symfony\Component\Console\Command\Command->run(Object(Symfony\Component\Console\Input\ArgvInput), Object(Symfony\Component\Console\Output\ConsoleOutput))
#19 /var/www/html/proroutes-saas/vendor/symfony/console/Application.php(818): Illuminate\Console\Command->run(Object(Symfony\Component\Console\Input\ArgvInput), Object(Symfony\Component\Console\Output\ConsoleOutput))
#20 /var/www/html/proroutes-saas/vendor/symfony/console/Application.php(186): Symfony\Component\Console\Application->doRunCommand(Object(Illuminate\Database\Console\Migrations\MigrateCommand), Object(Symfony\Component\Console\Input\ArgvInput), Object(Symfony\Component\Console\Output\ConsoleOutput))
#21 /var/www/html/proroutes-saas/vendor/symfony/console/Application.php(117): Symfony\Component\Console\Application->doRun(Object(Symfony\Component\Console\Input\ArgvInput), Object(Symfony\Component\Console\Output\ConsoleOutput))
#22 /var/www/html/proroutes-saas/vendor/laravel/framework/src/Illuminate/Foundation/Console/Kernel.php(122): Symfony\Component\Console\Application->run(Object(Symfony\Component\Console\Input\ArgvInput), Object(Symfony\Component\Console\Output\ConsoleOutput))
#23 /var/www/html/proroutes-saas/artisan(36): Illuminate\Foundation\Console\Kernel->handle(Object(Symfony\Component\Console\Input\ArgvInput), Object(Symfony\Component\Console\Output\ConsoleOutput))
#24 {main}  
[2016-10-03 08:24:23] local.ERROR: exception 'PDOException' with message 'SQLSTATE[28000] [1045] Access denied for user 'root'@'localhost' (using password: YES)' in /var/www/html/proroutes-saas/vendor/laravel/framework/src/Illuminate/Database/Connectors/Connector.php:119
Stack trace:
#0 /var/www/html/proroutes-saas/vendor/laravel/framework/src/Illuminate/Database/Connectors/Connector.php(119): PDO->__construct('mysql:host=127....', 'root', 'secret', Array)
#1 /var/www/html/proroutes-saas/vendor/laravel/framework/src/Illuminate/Database/Connectors/Connector.php(56): Illuminate\Database\Connectors\Connector->createPdoConnection('mysql:host=127....', 'root', 'secret', Array)
#2 /var/www/html/proroutes-saas/vendor/laravel/framework/src/Illuminate/Database/Connectors/MySqlConnector.php(24): Illuminate\Database\Connectors\Connector->createConnection('mysql:host=127....', Array, Array)
#3 /var/www/html/proroutes-saas/vendor/laravel/framework/src/Illuminate/Database/Connectors/ConnectionFactory.php(100): Illuminate\Database\Connectors\MySqlConnector->connect(Array)
#4 [internal function]: Illuminate\Database\Connectors\ConnectionFactory->Illuminate\Database\Connectors\{closure}()
#5 /var/www/html/proroutes-saas/vendor/laravel/framework/src/Illuminate/Database/Connection.php(956): call_user_func(Object(Closure))
#6 /var/www/html/proroutes-saas/vendor/laravel/framework/src/Illuminate/Database/Connection.php(824): Illuminate\Database\Connection->getPdo()
#7 /var/www/html/proroutes-saas/vendor/laravel/framework/src/Illuminate/Database/Connection.php(709): Illuminate\Database\Connection->reconnectIfMissingConnection()
#8 /var/www/html/proroutes-saas/vendor/laravel/framework/src/Illuminate/Database/Connection.php(351): Illuminate\Database\Connection->run('select * from i...', Array, Object(Closure))
#9 /var/www/html/proroutes-saas/vendor/laravel/framework/src/Illuminate/Database/Schema/MySqlBuilder.php(21): Illuminate\Database\Connection->select('select * from i...', Array)
#10 /var/www/html/proroutes-saas/vendor/laravel/framework/src/Illuminate/Database/Migrations/DatabaseMigrationRepository.php(154): Illuminate\Database\Schema\MySqlBuilder->hasTable('migrations')
#11 /var/www/html/proroutes-saas/vendor/laravel/framework/src/Illuminate/Database/Migrations/Migrator.php(474): Illuminate\Database\Migrations\DatabaseMigrationRepository->repositoryExists()
#12 /var/www/html/proroutes-saas/vendor/laravel/framework/src/Illuminate/Database/Console/Migrations/MigrateCommand.php(92): Illuminate\Database\Migrations\Migrator->repositoryExists()
#13 /var/www/html/proroutes-saas/vendor/laravel/framework/src/Illuminate/Database/Console/Migrations/MigrateCommand.php(58): Illuminate\Database\Console\Migrations\MigrateCommand->prepareDatabase()
#14 [internal function]: Illuminate\Database\Console\Migrations\MigrateCommand->fire()
#15 /var/www/html/proroutes-saas/vendor/laravel/framework/src/Illuminate/Container/Container.php(508): call_user_func_array(Array, Array)
#16 /var/www/html/proroutes-saas/vendor/laravel/framework/src/Illuminate/Console/Command.php(169): Illuminate\Container\Container->call(Array)
#17 /var/www/html/proroutes-saas/vendor/symfony/console/Command/Command.php(256): Illuminate\Console\Command->execute(Object(Symfony\Component\Console\Input\ArgvInput), Object(Symfony\Component\Console\Output\ConsoleOutput))
#18 /var/www/html/proroutes-saas/vendor/laravel/framework/src/Illuminate/Console/Command.php(155): Symfony\Component\Console\Command\Command->run(Object(Symfony\Component\Console\Input\ArgvInput), Object(Symfony\Component\Console\Output\ConsoleOutput))
#19 /var/www/html/proroutes-saas/vendor/symfony/console/Application.php(818): Illuminate\Console\Command->run(Object(Symfony\Component\Console\Input\ArgvInput), Object(Symfony\Component\Console\Output\ConsoleOutput))
#20 /var/www/html/proroutes-saas/vendor/symfony/console/Application.php(186): Symfony\Component\Console\Application->doRunCommand(Object(Illuminate\Database\Console\Migrations\MigrateCommand), Object(Symfony\Component\Console\Input\ArgvInput), Object(Symfony\Component\Console\Output\ConsoleOutput))
#21 /var/www/html/proroutes-saas/vendor/symfony/console/Application.php(117): Symfony\Component\Console\Application->doRun(Object(Symfony\Component\Console\Input\ArgvInput), Object(Symfony\Component\Console\Output\ConsoleOutput))
#22 /var/www/html/proroutes-saas/vendor/laravel/framework/src/Illuminate/Foundation/Console/Kernel.php(122): Symfony\Component\Console\Application->run(Object(Symfony\Component\Console\Input\ArgvInput), Object(Symfony\Component\Console\Output\ConsoleOutput))
#23 /var/www/html/proroutes-saas/artisan(36): Illuminate\Foundation\Console\Kernel->handle(Object(Symfony\Component\Console\Input\ArgvInput), Object(Symfony\Component\Console\Output\ConsoleOutput))
#24 {main}  
[2016-10-03 08:24:45] local.ERROR: exception 'PDOException' with message 'SQLSTATE[42000] [1049] Unknown database 'homestead'' in /var/www/html/proroutes-saas/vendor/laravel/framework/src/Illuminate/Database/Connectors/Connector.php:119
Stack trace:
#0 /var/www/html/proroutes-saas/vendor/laravel/framework/src/Illuminate/Database/Connectors/Connector.php(119): PDO->__construct('mysql:host=127....', 'root', 'root', Array)
#1 /var/www/html/proroutes-saas/vendor/laravel/framework/src/Illuminate/Database/Connectors/Connector.php(56): Illuminate\Database\Connectors\Connector->createPdoConnection('mysql:host=127....', 'root', 'root', Array)
#2 /var/www/html/proroutes-saas/vendor/laravel/framework/src/Illuminate/Database/Connectors/MySqlConnector.php(24): Illuminate\Database\Connectors\Connector->createConnection('mysql:host=127....', Array, Array)
#3 /var/www/html/proroutes-saas/vendor/laravel/framework/src/Illuminate/Database/Connectors/ConnectionFactory.php(100): Illuminate\Database\Connectors\MySqlConnector->connect(Array)
#4 [internal function]: Illuminate\Database\Connectors\ConnectionFactory->Illuminate\Database\Connectors\{closure}()
#5 /var/www/html/proroutes-saas/vendor/laravel/framework/src/Illuminate/Database/Connection.php(956): call_user_func(Object(Closure))
#6 /var/www/html/proroutes-saas/vendor/laravel/framework/src/Illuminate/Database/Connection.php(824): Illuminate\Database\Connection->getPdo()
#7 /var/www/html/proroutes-saas/vendor/laravel/framework/src/Illuminate/Database/Connection.php(709): Illuminate\Database\Connection->reconnectIfMissingConnection()
#8 /var/www/html/proroutes-saas/vendor/laravel/framework/src/Illuminate/Database/Connection.php(351): Illuminate\Database\Connection->run('select * from i...', Array, Object(Closure))
#9 /var/www/html/proroutes-saas/vendor/laravel/framework/src/Illuminate/Database/Schema/MySqlBuilder.php(21): Illuminate\Database\Connection->select('select * from i...', Array)
#10 /var/www/html/proroutes-saas/vendor/laravel/framework/src/Illuminate/Database/Migrations/DatabaseMigrationRepository.php(154): Illuminate\Database\Schema\MySqlBuilder->hasTable('migrations')
#11 /var/www/html/proroutes-saas/vendor/laravel/framework/src/Illuminate/Database/Migrations/Migrator.php(474): Illuminate\Database\Migrations\DatabaseMigrationRepository->repositoryExists()
#12 /var/www/html/proroutes-saas/vendor/laravel/framework/src/Illuminate/Database/Console/Migrations/MigrateCommand.php(92): Illuminate\Database\Migrations\Migrator->repositoryExists()
#13 /var/www/html/proroutes-saas/vendor/laravel/framework/src/Illuminate/Database/Console/Migrations/MigrateCommand.php(58): Illuminate\Database\Console\Migrations\MigrateCommand->prepareDatabase()
#14 [internal function]: Illuminate\Database\Console\Migrations\MigrateCommand->fire()
#15 /var/www/html/proroutes-saas/vendor/laravel/framework/src/Illuminate/Container/Container.php(508): call_user_func_array(Array, Array)
#16 /var/www/html/proroutes-saas/vendor/laravel/framework/src/Illuminate/Console/Command.php(169): Illuminate\Container\Container->call(Array)
#17 /var/www/html/proroutes-saas/vendor/symfony/console/Command/Command.php(256): Illuminate\Console\Command->execute(Object(Symfony\Component\Console\Input\ArgvInput), Object(Symfony\Component\Console\Output\ConsoleOutput))
#18 /var/www/html/proroutes-saas/vendor/laravel/framework/src/Illuminate/Console/Command.php(155): Symfony\Component\Console\Command\Command->run(Object(Symfony\Component\Console\Input\ArgvInput), Object(Symfony\Component\Console\Output\ConsoleOutput))
#19 /var/www/html/proroutes-saas/vendor/symfony/console/Application.php(818): Illuminate\Console\Command->run(Object(Symfony\Component\Console\Input\ArgvInput), Object(Symfony\Component\Console\Output\ConsoleOutput))
#20 /var/www/html/proroutes-saas/vendor/symfony/console/Application.php(186): Symfony\Component\Console\Application->doRunCommand(Object(Illuminate\Database\Console\Migrations\MigrateCommand), Object(Symfony\Component\Console\Input\ArgvInput), Object(Symfony\Component\Console\Output\ConsoleOutput))
#21 /var/www/html/proroutes-saas/vendor/symfony/console/Application.php(117): Symfony\Component\Console\Application->doRun(Object(Symfony\Component\Console\Input\ArgvInput), Object(Symfony\Component\Console\Output\ConsoleOutput))
#22 /var/www/html/proroutes-saas/vendor/laravel/framework/src/Illuminate/Foundation/Console/Kernel.php(122): Symfony\Component\Console\Application->run(Object(Symfony\Component\Console\Input\ArgvInput), Object(Symfony\Component\Console\Output\ConsoleOutput))
#23 /var/www/html/proroutes-saas/artisan(36): Illuminate\Foundation\Console\Kernel->handle(Object(Symfony\Component\Console\Input\ArgvInput), Object(Symfony\Component\Console\Output\ConsoleOutput))
#24 {main}  
